<?xml version="1.0" encoding="UTF-8"?>
<!-- Generated by org.testng.reporters.JUnitXMLReporter -->
<testsuite hostname="User-PC" ignored="0" name="ChromeTest" tests="1" failures="0" timestamp="11 Sep 2019 06:00:38 GMT" time="7.29" errors="0">
  <testcase name="@BeforeTest setup" time="0.0" classname="SmallPrograms.CrossBrowserScript">
    <failure type="java.lang.NullPointerException">
      <![CDATA[java.lang.NullPointerException
	at SmallPrograms.CrossBrowserScript.setup(CrossBrowserScript.java:52)
... Removed 23 stack frames]]>
    </failure>
  </testcase> <!-- @BeforeTest setup -->
  <testcase name="testParameterWithXML" time="0.003" classname="SmallPrograms.CrossBrowserTest">
    <skipped/>
  </testcase> <!-- testParameterWithXML -->
</testsuite> <!-- ChromeTest -->
