<?xml version="1.0" encoding="UTF-8"?>
<!-- Generated by org.testng.reporters.JUnitXMLReporter -->
<testsuite hostname="User-PC" ignored="0" name="EdgeTest" tests="1" failures="0" timestamp="11 Sep 2019 06:01:08 GMT" time="0.017" errors="0">
  <testcase name="@BeforeTest setup" time="0.0" classname="SmallPrograms.CrossBrowserScript">
    <failure type="java.lang.Exception" message="Browser is not correct">
      <![CDATA[java.lang.Exception: Browser is not correct
	at SmallPrograms.CrossBrowserScript.setup(CrossBrowserScript.java:50)
... Removed 23 stack frames]]>
    </failure>
  </testcase> <!-- @BeforeTest setup -->
  <testcase name="testParameterWithXML" time="0.002" classname="SmallPrograms.CrossBrowserTest">
    <skipped/>
  </testcase> <!-- testParameterWithXML -->
</testsuite> <!-- EdgeTest -->
