<?xml version="1.0" encoding="UTF-8"?>
<testng-results skipped="0" failed="0" ignored="0" total="1" passed="1">
  <reporter-output>
  </reporter-output>
  <suite name="Default suite" duration-ms="35882" started-at="2019-10-16T06:47:58Z" finished-at="2019-10-16T06:48:34Z">
    <groups>
    </groups>
    <test name="Default test" duration-ms="35882" started-at="2019-10-16T06:47:58Z" finished-at="2019-10-16T06:48:34Z">
      <class name="SmallPrograms.ActionClass">
        <test-method status="PASS" signature="psvm()[pri:0, instance:SmallPrograms.ActionClass@4f7d0008]" name="psvm" duration-ms="35851" started-at="2019-10-16T12:17:59Z" finished-at="2019-10-16T12:18:34Z">
          <reporter-output>
          </reporter-output>
        </test-method> <!-- psvm -->
      </class> <!-- SmallPrograms.ActionClass -->
    </test> <!-- Default test -->
  </suite> <!-- Default suite -->
</testng-results>
