<?xml version="1.0" encoding="UTF-8"?>
<testng-results skipped="0" failed="0" ignored="0" total="1" passed="1">
  <reporter-output>
  </reporter-output>
  <suite name="Default suite" duration-ms="83" started-at="2019-10-17T07:15:59Z" finished-at="2019-10-17T07:15:59Z">
    <groups>
    </groups>
    <test name="Default test" duration-ms="83" started-at="2019-10-17T07:15:59Z" finished-at="2019-10-17T07:15:59Z">
      <class name="SmallPrograms.GetSystemTime">
        <test-method status="PASS" signature="getSystemTime()[pri:0, instance:SmallPrograms.GetSystemTime@3abbfa04]" name="getSystemTime" duration-ms="39" started-at="2019-10-17T12:45:59Z" finished-at="2019-10-17T12:45:59Z">
          <reporter-output>
          </reporter-output>
        </test-method> <!-- getSystemTime -->
      </class> <!-- SmallPrograms.GetSystemTime -->
    </test> <!-- Default test -->
  </suite> <!-- Default suite -->
</testng-results>
